<?xml version="1.0" encoding="UTF-8"?>
<!-- Generated by org.testng.reporters.JUnitReportReporter -->
<testsuite hostname="LAPTOP-1UGNET6Q" failures="0" tests="1" name="com.testngpractice.CrossBrowserTestNG" time="5.629" errors="0" timestamp="2023-11-03T21:46:01 EDT" skipped="0">
  <testcase classname="com.testngpractice.CrossBrowserTestNG" name="costcoPtractrice" time="5.629"/>
</testsuite> <!-- com.testngpractice.CrossBrowserTestNG -->
