<?xml version="1.0" encoding="UTF-8"?>
<!-- Generated by org.testng.reporters.JUnitReportReporter -->
<testsuite hostname="LAPTOP-1UGNET6Q" failures="0" tests="5" name="com.testng.practice.PracticeTestngMethod" time="0.012" errors="0" timestamp="2023-10-31T16:47:26 EDT" skipped="0">
  <testcase classname="com.testng.practice.PracticeTestngMethod" name="login" time="0.007"/>
  <testcase classname="com.testng.practice.PracticeTestngMethod" name="dress" time="0.001"/>
  <testcase classname="com.testng.practice.PracticeTestngMethod" name="cart" time="0.001"/>
  <testcase classname="com.testng.practice.PracticeTestngMethod" name="payment" time="0.001"/>
  <testcase classname="com.testng.practice.PracticeTestngMethod" name="placeorder" time="0.002"/>
</testsuite> <!-- com.testng.practice.PracticeTestngMethod -->
