<?xml version="1.0" encoding="UTF-8"?>
<!-- Generated by org.testng.reporters.JUnitReportReporter -->
<testsuite hostname="LAPTOP-1UGNET6Q" failures="0" tests="1" name="com.testngpractice.FirstClass" time="6.402" errors="0" timestamp="2023-11-04T10:42:21 EDT" skipped="0">
  <testcase classname="com.testngpractice.FirstClass" name="getMouseOverHober" time="6.402"/>
</testsuite> <!-- com.testngpractice.FirstClass -->
