<?xml version="1.0" encoding="UTF-8"?>
<!-- Generated by org.testng.reporters.JUnitReportReporter -->
<testsuite hostname="LAPTOP-1UGNET6Q" failures="0" tests="1" name="com.testng.practice.PractriceTestingAnnotation" time="0.009" errors="0" timestamp="2023-10-30T21:31:35 EDT" skipped="0">
  <testcase classname="com.testng.practice.PractriceTestingAnnotation" name="test" time="0.009"/>
</testsuite> <!-- com.testng.practice.PractriceTestingAnnotation -->
