<?xml version="1.0" encoding="UTF-8"?>
<!-- Generated by org.testng.reporters.JUnitReportReporter -->
<testsuite hostname="LAPTOP-1UGNET6Q" failures="0" tests="1" name="com.testngpractice.SecondClass" time="6.838" errors="0" timestamp="2023-11-04T08:33:51 EDT" skipped="0">
  <testcase classname="com.testngpractice.SecondClass" name="getLogin" time="6.838"/>
</testsuite> <!-- com.testngpractice.SecondClass -->
